0 info it worked if it ends with ok
1 verbose cli [ '/usr/local/bin/node', '/usr/local/bin/npm', 'start' ]
2 info using npm@3.3.9
3 info using node@v4.2.1
4 verbose run-script [ 'prestart', 'start', 'poststart' ]
5 info lifecycle roomie-server@0.0.0~prestart: roomie-server@0.0.0
6 silly lifecycle roomie-server@0.0.0~prestart: no script for prestart, continuing
7 info lifecycle roomie-server@0.0.0~start: roomie-server@0.0.0
8 verbose lifecycle roomie-server@0.0.0~start: unsafe-perm in lifecycle true
9 verbose lifecycle roomie-server@0.0.0~start: PATH: /usr/local/lib/node_modules/npm/bin/node-gyp-bin:/Users/VickyD/Desktop/Projects/iot-roomie/roomie-server/node_modules/.bin:/Users/VickyD/.rvm/gems/ruby-2.3.0/bin:/Users/VickyD/.rvm/gems/ruby-2.3.0@global/bin:/Users/VickyD/.rvm/rubies/ruby-2.3.0/bin:/opt/local/bin:/usr/local/bin:/opt/local/bin:/opt/local/sbin:/Library/Frameworks/Python.framework/Versions/2.7/bin:/Library/Frameworks/Python.framework/Versions/2.6/bin:/usr/local/bin:/usr/bin:/bin:/usr/sbin:/sbin:/opt/X11/bin:/usr/local/git/bin:/Users/VickyD/.rvm/bin
10 verbose lifecycle roomie-server@0.0.0~start: CWD: /Users/VickyD/Desktop/Projects/iot-roomie/roomie-server
11 silly lifecycle roomie-server@0.0.0~start: Args: [ '-c', 'node ./bin/www' ]
12 silly lifecycle roomie-server@0.0.0~start: Returned: code: 1  signal: null
13 info lifecycle roomie-server@0.0.0~start: Failed to exec start script
14 verbose stack Error: roomie-server@0.0.0 start: `node ./bin/www`
14 verbose stack Exit status 1
14 verbose stack     at EventEmitter.<anonymous> (/usr/local/lib/node_modules/npm/lib/utils/lifecycle.js:233:16)
14 verbose stack     at emitTwo (events.js:87:13)
14 verbose stack     at EventEmitter.emit (events.js:172:7)
14 verbose stack     at ChildProcess.<anonymous> (/usr/local/lib/node_modules/npm/lib/utils/spawn.js:24:14)
14 verbose stack     at emitTwo (events.js:87:13)
14 verbose stack     at ChildProcess.emit (events.js:172:7)
14 verbose stack     at maybeClose (internal/child_process.js:818:16)
14 verbose stack     at Process.ChildProcess._handle.onexit (internal/child_process.js:211:5)
15 verbose pkgid roomie-server@0.0.0
16 verbose cwd /Users/VickyD/Desktop/Projects/iot-roomie/roomie-server
17 error Darwin 15.6.0
18 error argv "/usr/local/bin/node" "/usr/local/bin/npm" "start"
19 error node v4.2.1
20 error npm  v3.3.9
21 error code ELIFECYCLE
22 error roomie-server@0.0.0 start: `node ./bin/www`
22 error Exit status 1
23 error Failed at the roomie-server@0.0.0 start script 'node ./bin/www'.
23 error This is most likely a problem with the roomie-server package,
23 error not with npm itself.
23 error Tell the author that this fails on your system:
23 error     node ./bin/www
23 error You can get their info via:
23 error     npm owner ls roomie-server
23 error There is likely additional logging output above.
24 verbose exit [ 1, true ]
